#-----------------------------------------------------------
# Vivado v2019.1 (64-bit)
# SW Build 2552052 on Fri May 24 14:49:42 MDT 2019
# IP Build 2548770 on Fri May 24 18:01:18 MDT 2019
# Start of session at: Sat Nov 25 14:51:52 2023
# Process ID: 3304
# Current directory: F:/CENG 3010/Term Project/Safe_Project 2023-11-24 motor/Safe_Project
# Command line: vivado.exe -gui_launcher_event rodinguilauncherevent11672 F:\CENG 3010\Term Project\Safe_Project 2023-11-24 motor\Safe_Project\Safe_Project.xpr
# Log file: F:/CENG 3010/Term Project/Safe_Project 2023-11-24 motor/Safe_Project/vivado.log
# Journal file: F:/CENG 3010/Term Project/Safe_Project 2023-11-24 motor/Safe_Project\vivado.jou
#-----------------------------------------------------------
start_gui
open_project {F:/CENG 3010/Term Project/Safe_Project 2023-11-24 motor/Safe_Project/Safe_Project.xpr}
Scanning sources...
Finished scanning sources
INFO: [IP_Flow 19-234] Refreshing IP repositories
INFO: [IP_Flow 19-1704] No user IP repositories specified
INFO: [IP_Flow 19-2313] Loaded Vivado IP repository 'C:/Xilinx/Vivado/2019.1/data/ip'.
open_project: Time (s): cpu = 00:00:11 ; elapsed = 00:00:08 . Memory (MB): peak = 721.031 ; gain = 115.355
update_compile_order -fileset sources_1
exit
INFO: [Common 17-206] Exiting Vivado at Sat Nov 25 14:54:20 2023...
