#-----------------------------------------------------------
# Vivado v2019.1 (64-bit)
# SW Build 2552052 on Fri May 24 14:49:42 MDT 2019
# IP Build 2548770 on Fri May 24 18:01:18 MDT 2019
# Start of session at: Wed Nov 22 12:04:05 2023
# Process ID: 14284
# Current directory: F:/CENG 3010/Safe_Project
# Command line: vivado.exe -gui_launcher_event rodinguilauncherevent13872 F:\CENG 3010\Safe_Project\Safe_Project.xpr
# Log file: F:/CENG 3010/Safe_Project/vivado.log
# Journal file: F:/CENG 3010/Safe_Project\vivado.jou
#-----------------------------------------------------------
start_gui
open_project {F:/CENG 3010/Safe_Project/Safe_Project.xpr}
Scanning sources...
Finished scanning sources
INFO: [IP_Flow 19-234] Refreshing IP repositories
INFO: [IP_Flow 19-1704] No user IP repositories specified
INFO: [IP_Flow 19-2313] Loaded Vivado IP repository 'C:/Xilinx/Vivado/2019.1/data/ip'.
open_project: Time (s): cpu = 00:00:13 ; elapsed = 00:00:10 . Memory (MB): peak = 968.898 ; gain = 125.730
update_compile_order -fileset sources_1
exit
INFO: [Common 17-206] Exiting Vivado at Wed Nov 22 12:06:04 2023...
